# JRE version: Java(TM) SE Runtime Environment (8.0_141-b15) (build 1.8.0_141-b15)
# Java VM: Java HotSpot(TM) Client VM (25.141-b15 mixed mode windows-x86 )
Heap:
 def new generation   total 4928K, used 1266K [0x04c00000, 0x05150000, 0x0a150000)
  eden space 4416K,  18% used [0x04c00000, 0x04ccf778, 0x05050000)
  from space 512K,  85% used [0x050d0000, 0x0513d258, 0x05150000)
  to   space 512K,   0% used [0x05050000, 0x05050000, 0x050d0000)
 tenured generation   total 10944K, used 6231K [0x0a150000, 0x0ac00000, 0x14c00000)
   the space 10944K,  56% used [0x0a150000, 0x0a765d30, 0x0a765e00, 0x0ac00000)
 Metaspace       used 9169K, capacity 9399K, committed 9472K, reserved 9600K
GC Heap History (10 events):
Event: 0.232 GC heap before
{Heap before GC invocations=0 (full 0):
 def new generation   total 4928K, used 4416K [0x04c00000, 0x05150000, 0x0a150000)
  eden space 4416K, 100% used [0x04c00000, 0x05050000, 0x05050000)
  from space 512K,   0% used [0x05050000, 0x05050000, 0x050d0000)
  to   space 512K,   0% used [0x050d0000, 0x050d0000, 0x05150000)
 tenured generation   total 10944K, used 0K [0x0a150000, 0x0ac00000, 0x14c00000)
   the space 10944K,   0% used [0x0a150000, 0x0a150000, 0x0a150200, 0x0ac00000)
 Metaspace       used 5335K, capacity 5505K, committed 5632K, reserved 6528K
Event: 0.235 GC heap after
Heap after GC invocations=1 (full 0):
 def new generation   total 4928K, used 512K [0x04c00000, 0x05150000, 0x0a150000)
  eden space 4416K,   0% used [0x04c00000, 0x04c00000, 0x05050000)
  from space 512K, 100% used [0x050d0000, 0x05150000, 0x05150000)
  to   space 512K,   0% used [0x05050000, 0x05050000, 0x050d0000)
 tenured generation   total 10944K, used 791K [0x0a150000, 0x0ac00000, 0x14c00000)
   the space 10944K,   7% used [0x0a150000, 0x0a215c10, 0x0a215e00, 0x0ac00000)
 Metaspace       used 5335K, capacity 5505K, committed 5632K, reserved 6528K
}
Event: 0.434 GC heap before
{Heap before GC invocations=1 (full 0):
 def new generation   total 4928K, used 3988K [0x04c00000, 0x05150000, 0x0a150000)
  eden space 4416K,  78% used [0x04c00000, 0x04f653f8, 0x05050000)
  from space 512K, 100% used [0x050d0000, 0x05150000, 0x05150000)
  to   space 512K,   0% used [0x05050000, 0x05050000, 0x050d0000)
 tenured generation   total 10944K, used 791K [0x0a150000, 0x0ac00000, 0x14c00000)
   the space 10944K,   7% used [0x0a150000, 0x0a215c10, 0x0a215e00, 0x0ac00000)
 Metaspace       used 7931K, capacity 8117K, committed 8192K, reserved 8576K
Event: 0.438 GC heap after
Heap after GC invocations=2 (full 0):
 def new generation   total 4928K, used 512K [0x04c00000, 0x05150000, 0x0a150000)
  eden space 4416K,   0% used [0x04c00000, 0x04c00000, 0x05050000)
  from space 512K, 100% used [0x05050000, 0x050d0000, 0x050d0000)
  to   space 512K,   0% used [0x050d0000, 0x050d0000, 0x05150000)
 tenured generation   total 10944K, used 2076K [0x0a150000, 0x0ac00000, 0x14c00000)
   the space 10944K,  18% used [0x0a150000, 0x0a3570e8, 0x0a357200, 0x0ac00000)
 Metaspace       used 7931K, capacity 8117K, committed 8192K, reserved 8576K
}
Event: 14.477 GC heap before
{Heap before GC invocations=2 (full 0):
 def new generation   total 4928K, used 4928K [0x04c00000, 0x05150000, 0x0a150000)
  eden space 4416K, 100% used [0x04c00000, 0x05050000, 0x05050000)
  from space 512K, 100% used [0x05050000, 0x050d0000, 0x050d0000)
  to   space 512K,   0% used [0x050d0000, 0x050d0000, 0x05150000)
 tenured generation   total 10944K, used 2076K [0x0a150000, 0x0ac00000, 0x14c00000)
   the space 10944K,  18% used [0x0a150000, 0x0a3570e8, 0x0a357200, 0x0ac00000)
 Metaspace       used 8200K, capacity 8405K, committed 8448K, reserved 8576K
Event: 14.479 GC heap after
Heap after GC invocations=3 (full 0):
 def new generation   total 4928K, used 222K [0x04c00000, 0x05150000, 0x0a150000)
  eden space 4416K,   0% used [0x04c00000, 0x04c00000, 0x05050000)
  from space 512K,  43% used [0x050d0000, 0x05107958, 0x05150000)
  to   space 512K,   0% used [0x05050000, 0x05050000, 0x050d0000)
 tenured generation   total 10944K, used 5619K [0x0a150000, 0x0ac00000, 0x14c00000)
   the space 10944K,  51% used [0x0a150000, 0x0a6cce78, 0x0a6cd000, 0x0ac00000)
 Metaspace       used 8200K, capacity 8405K, committed 8448K, reserved 8576K
}
Event: 14.936 GC heap before
{Heap before GC invocations=3 (full 0):
 def new generation   total 4928K, used 4638K [0x04c00000, 0x05150000, 0x0a150000)
  eden space 4416K, 100% used [0x04c00000, 0x05050000, 0x05050000)
  from space 512K,  43% used [0x050d0000, 0x05107958, 0x05150000)
  to   space 512K,   0% used [0x05050000, 0x05050000, 0x050d0000)
 tenured generation   total 10944K, used 5619K [0x0a150000, 0x0ac00000, 0x14c00000)
   the space 10944K,  51% used [0x0a150000, 0x0a6cce78, 0x0a6cd000, 0x0ac00000)
 Metaspace       used 8862K, capacity 9077K, committed 9216K, reserved 9600K
Event: 14.938 GC heap after
Heap after GC invocations=4 (full 0):
 def new generation   total 4928K, used 512K [0x04c00000, 0x05150000, 0x0a150000)
  eden space 4416K,   0% used [0x04c00000, 0x04c00000, 0x05050000)
  from space 512K, 100% used [0x05050000, 0x050d0000, 0x050d0000)
  to   space 512K,   0% used [0x050d0000, 0x050d0000, 0x05150000)
 tenured generation   total 10944K, used 5923K [0x0a150000, 0x0ac00000, 0x14c00000)
   the space 10944K,  54% used [0x0a150000, 0x0a718fa8, 0x0a719000, 0x0ac00000)
 Metaspace       used 8862K, capacity 9077K, committed 9216K, reserved 9600K
}
Event: 15.206 GC heap before
{Heap before GC invocations=4 (full 0):
 def new generation   total 4928K, used 4928K [0x04c00000, 0x05150000, 0x0a150000)
  eden space 4416K, 100% used [0x04c00000, 0x05050000, 0x05050000)
  from space 512K, 100% used [0x05050000, 0x050d0000, 0x050d0000)
  to   space 512K,   0% used [0x050d0000, 0x050d0000, 0x05150000)
 tenured generation   total 10944K, used 5923K [0x0a150000, 0x0ac00000, 0x14c00000)
   the space 10944K,  54% used [0x0a150000, 0x0a718fa8, 0x0a719000, 0x0ac00000)
 Metaspace       used 9103K, capacity 9335K, committed 9472K, reserved 9600K
Event: 15.208 GC heap after
Heap after GC invocations=5 (full 0):
 def new generation   total 4928K, used 436K [0x04c00000, 0x05150000, 0x0a150000)
  eden space 4416K,   0% used [0x04c00000, 0x04c00000, 0x05050000)
  from space 512K,  85% used [0x050d0000, 0x0513d258, 0x05150000)
  to   space 512K,   0% used [0x05050000, 0x05050000, 0x050d0000)
 tenured generation   total 10944K, used 6231K [0x0a150000, 0x0ac00000, 0x14c00000)
   the space 10944K,  56% used [0x0a150000, 0x0a765d30, 0x0a765e00, 0x0ac00000)
 Metaspace       used 9103K, capacity 9335K, committed 9472K, reserved 9600K
}

