# JRE version: Java(TM) SE Runtime Environment (8.0_141-b15) (build 1.8.0_141-b15)
# Java VM: Java HotSpot(TM) Client VM (25.141-b15 mixed mode windows-x86 )
Heap:
 def new generation   total 4928K, used 868K [0x04a00000, 0x04f50000, 0x09f50000)
  eden space 4416K,   9% used [0x04a00000, 0x04a66ea8, 0x04e50000)
  from space 512K,  89% used [0x04ed0000, 0x04f423e8, 0x04f50000)
  to   space 512K,   0% used [0x04e50000, 0x04e50000, 0x04ed0000)
 tenured generation   total 10944K, used 5459K [0x09f50000, 0x0aa00000, 0x14a00000)
   the space 10944K,  49% used [0x09f50000, 0x0a4a4cd8, 0x0a4a4e00, 0x0aa00000)
 Metaspace       used 8289K, capacity 8466K, committed 8576K, reserved 8576K
GC Heap History (10 events):
Event: 0.227 GC heap before
{Heap before GC invocations=0 (full 0):
 def new generation   total 4928K, used 4416K [0x04a00000, 0x04f50000, 0x09f50000)
  eden space 4416K, 100% used [0x04a00000, 0x04e50000, 0x04e50000)
  from space 512K,   0% used [0x04e50000, 0x04e50000, 0x04ed0000)
  to   space 512K,   0% used [0x04ed0000, 0x04ed0000, 0x04f50000)
 tenured generation   total 10944K, used 0K [0x09f50000, 0x0aa00000, 0x14a00000)
   the space 10944K,   0% used [0x09f50000, 0x09f50000, 0x09f50200, 0x0aa00000)
 Metaspace       used 5329K, capacity 5505K, committed 5632K, reserved 6528K
Event: 0.231 GC heap after
Heap after GC invocations=1 (full 0):
 def new generation   total 4928K, used 512K [0x04a00000, 0x04f50000, 0x09f50000)
  eden space 4416K,   0% used [0x04a00000, 0x04a00000, 0x04e50000)
  from space 512K, 100% used [0x04ed0000, 0x04f50000, 0x04f50000)
  to   space 512K,   0% used [0x04e50000, 0x04e50000, 0x04ed0000)
 tenured generation   total 10944K, used 789K [0x09f50000, 0x0aa00000, 0x14a00000)
   the space 10944K,   7% used [0x09f50000, 0x0a015400, 0x0a015400, 0x0aa00000)
 Metaspace       used 5329K, capacity 5505K, committed 5632K, reserved 6528K
}
Event: 0.368 GC heap before
{Heap before GC invocations=1 (full 0):
 def new generation   total 4928K, used 2028K [0x04a00000, 0x04f50000, 0x09f50000)
  eden space 4416K,  34% used [0x04a00000, 0x04b7b2a8, 0x04e50000)
  from space 512K, 100% used [0x04ed0000, 0x04f50000, 0x04f50000)
  to   space 512K,   0% used [0x04e50000, 0x04e50000, 0x04ed0000)
 tenured generation   total 10944K, used 789K [0x09f50000, 0x0aa00000, 0x14a00000)
   the space 10944K,   7% used [0x09f50000, 0x0a015400, 0x0a015400, 0x0aa00000)
 Metaspace       used 6908K, capacity 7087K, committed 7168K, reserved 7552K
Event: 0.371 GC heap after
Heap after GC invocations=2 (full 0):
 def new generation   total 4928K, used 512K [0x04a00000, 0x04f50000, 0x09f50000)
  eden space 4416K,   0% used [0x04a00000, 0x04a00000, 0x04e50000)
  from space 512K, 100% used [0x04e50000, 0x04ed0000, 0x04ed0000)
  to   space 512K,   0% used [0x04ed0000, 0x04ed0000, 0x04f50000)
 tenured generation   total 10944K, used 1365K [0x09f50000, 0x0aa00000, 0x14a00000)
   the space 10944K,  12% used [0x09f50000, 0x0a0a56e0, 0x0a0a5800, 0x0aa00000)
 Metaspace       used 6908K, capacity 7087K, committed 7168K, reserved 7552K
}
Event: 9.717 GC heap before
{Heap before GC invocations=2 (full 0):
 def new generation   total 4928K, used 4928K [0x04a00000, 0x04f50000, 0x09f50000)
  eden space 4416K, 100% used [0x04a00000, 0x04e50000, 0x04e50000)
  from space 512K, 100% used [0x04e50000, 0x04ed0000, 0x04ed0000)
  to   space 512K,   0% used [0x04ed0000, 0x04ed0000, 0x04f50000)
 tenured generation   total 10944K, used 1365K [0x09f50000, 0x0aa00000, 0x14a00000)
   the space 10944K,  12% used [0x09f50000, 0x0a0a56e0, 0x0a0a5800, 0x0aa00000)
 Metaspace       used 7351K, capacity 7535K, committed 7680K, reserved 8576K
Event: 9.719 GC heap after
Heap after GC invocations=3 (full 0):
 def new generation   total 4928K, used 233K [0x04a00000, 0x04f50000, 0x09f50000)
  eden space 4416K,   0% used [0x04a00000, 0x04a00000, 0x04e50000)
  from space 512K,  45% used [0x04ed0000, 0x04f0a5d8, 0x04f50000)
  to   space 512K,   0% used [0x04e50000, 0x04e50000, 0x04ed0000)
 tenured generation   total 10944K, used 4908K [0x09f50000, 0x0aa00000, 0x14a00000)
   the space 10944K,  44% used [0x09f50000, 0x0a41b038, 0x0a41b200, 0x0aa00000)
 Metaspace       used 7351K, capacity 7535K, committed 7680K, reserved 8576K
}
Event: 10.196 GC heap before
{Heap before GC invocations=3 (full 0):
 def new generation   total 4928K, used 4649K [0x04a00000, 0x04f50000, 0x09f50000)
  eden space 4416K, 100% used [0x04a00000, 0x04e50000, 0x04e50000)
  from space 512K,  45% used [0x04ed0000, 0x04f0a5d8, 0x04f50000)
  to   space 512K,   0% used [0x04e50000, 0x04e50000, 0x04ed0000)
 tenured generation   total 10944K, used 4908K [0x09f50000, 0x0aa00000, 0x14a00000)
   the space 10944K,  44% used [0x09f50000, 0x0a41b038, 0x0a41b200, 0x0aa00000)
 Metaspace       used 8002K, capacity 8207K, committed 8320K, reserved 8576K
Event: 10.197 GC heap after
Heap after GC invocations=4 (full 0):
 def new generation   total 4928K, used 512K [0x04a00000, 0x04f50000, 0x09f50000)
  eden space 4416K,   0% used [0x04a00000, 0x04a00000, 0x04e50000)
  from space 512K, 100% used [0x04e50000, 0x04ed0000, 0x04ed0000)
  to   space 512K,   0% used [0x04ed0000, 0x04ed0000, 0x04f50000)
 tenured generation   total 10944K, used 5170K [0x09f50000, 0x0aa00000, 0x14a00000)
   the space 10944K,  47% used [0x09f50000, 0x0a45ca88, 0x0a45cc00, 0x0aa00000)
 Metaspace       used 8002K, capacity 8207K, committed 8320K, reserved 8576K
}
Event: 10.475 GC heap before
{Heap before GC invocations=4 (full 0):
 def new generation   total 4928K, used 4928K [0x04a00000, 0x04f50000, 0x09f50000)
  eden space 4416K, 100% used [0x04a00000, 0x04e50000, 0x04e50000)
  from space 512K, 100% used [0x04e50000, 0x04ed0000, 0x04ed0000)
  to   space 512K,   0% used [0x04ed0000, 0x04ed0000, 0x04f50000)
 tenured generation   total 10944K, used 5170K [0x09f50000, 0x0aa00000, 0x14a00000)
   the space 10944K,  47% used [0x09f50000, 0x0a45ca88, 0x0a45cc00, 0x0aa00000)
 Metaspace       used 8260K, capacity 8466K, committed 8576K, reserved 8576K
Event: 10.477 GC heap after
Heap after GC invocations=5 (full 0):
 def new generation   total 4928K, used 456K [0x04a00000, 0x04f50000, 0x09f50000)
  eden space 4416K,   0% used [0x04a00000, 0x04a00000, 0x04e50000)
  from space 512K,  89% used [0x04ed0000, 0x04f423e8, 0x04f50000)
  to   space 512K,   0% used [0x04e50000, 0x04e50000, 0x04ed0000)
 tenured generation   total 10944K, used 5459K [0x09f50000, 0x0aa00000, 0x14a00000)
   the space 10944K,  49% used [0x09f50000, 0x0a4a4cd8, 0x0a4a4e00, 0x0aa00000)
 Metaspace       used 8260K, capacity 8466K, committed 8576K, reserved 8576K
}

