# JRE version: Java(TM) SE Runtime Environment (8.0_141-b15) (build 1.8.0_141-b15)
# Java VM: Java HotSpot(TM) Client VM (25.141-b15 mixed mode windows-x86 )
Heap:
 def new generation   total 4928K, used 723K [0x05000000, 0x05550000, 0x0a550000)
  eden space 4416K,   5% used [0x05000000, 0x05040bb8, 0x05450000)
  from space 512K,  90% used [0x054d0000, 0x055443f0, 0x05550000)
  to   space 512K,   0% used [0x05450000, 0x05450000, 0x054d0000)
 tenured generation   total 10944K, used 5466K [0x0a550000, 0x0b000000, 0x15000000)
   the space 10944K,  49% used [0x0a550000, 0x0aaa6810, 0x0aaa6a00, 0x0b000000)
 Metaspace       used 8291K, capacity 8466K, committed 8576K, reserved 8576K
GC Heap History (10 events):
Event: 0.236 GC heap before
{Heap before GC invocations=0 (full 0):
 def new generation   total 4928K, used 4416K [0x05000000, 0x05550000, 0x0a550000)
  eden space 4416K, 100% used [0x05000000, 0x05450000, 0x05450000)
  from space 512K,   0% used [0x05450000, 0x05450000, 0x054d0000)
  to   space 512K,   0% used [0x054d0000, 0x054d0000, 0x05550000)
 tenured generation   total 10944K, used 0K [0x0a550000, 0x0b000000, 0x15000000)
   the space 10944K,   0% used [0x0a550000, 0x0a550000, 0x0a550200, 0x0b000000)
 Metaspace       used 5329K, capacity 5505K, committed 5632K, reserved 6528K
Event: 0.239 GC heap after
Heap after GC invocations=1 (full 0):
 def new generation   total 4928K, used 512K [0x05000000, 0x05550000, 0x0a550000)
  eden space 4416K,   0% used [0x05000000, 0x05000000, 0x05450000)
  from space 512K, 100% used [0x054d0000, 0x05550000, 0x05550000)
  to   space 512K,   0% used [0x05450000, 0x05450000, 0x054d0000)
 tenured generation   total 10944K, used 789K [0x0a550000, 0x0b000000, 0x15000000)
   the space 10944K,   7% used [0x0a550000, 0x0a615400, 0x0a615400, 0x0b000000)
 Metaspace       used 5329K, capacity 5505K, committed 5632K, reserved 6528K
}
Event: 0.372 GC heap before
{Heap before GC invocations=1 (full 0):
 def new generation   total 4928K, used 2028K [0x05000000, 0x05550000, 0x0a550000)
  eden space 4416K,  34% used [0x05000000, 0x0517b2a8, 0x05450000)
  from space 512K, 100% used [0x054d0000, 0x05550000, 0x05550000)
  to   space 512K,   0% used [0x05450000, 0x05450000, 0x054d0000)
 tenured generation   total 10944K, used 789K [0x0a550000, 0x0b000000, 0x15000000)
   the space 10944K,   7% used [0x0a550000, 0x0a615400, 0x0a615400, 0x0b000000)
 Metaspace       used 6908K, capacity 7087K, committed 7168K, reserved 7552K
Event: 0.375 GC heap after
Heap after GC invocations=2 (full 0):
 def new generation   total 4928K, used 512K [0x05000000, 0x05550000, 0x0a550000)
  eden space 4416K,   0% used [0x05000000, 0x05000000, 0x05450000)
  from space 512K, 100% used [0x05450000, 0x054d0000, 0x054d0000)
  to   space 512K,   0% used [0x054d0000, 0x054d0000, 0x05550000)
 tenured generation   total 10944K, used 1365K [0x0a550000, 0x0b000000, 0x15000000)
   the space 10944K,  12% used [0x0a550000, 0x0a6a56e0, 0x0a6a5800, 0x0b000000)
 Metaspace       used 6908K, capacity 7087K, committed 7168K, reserved 7552K
}
Event: 6.090 GC heap before
{Heap before GC invocations=2 (full 0):
 def new generation   total 4928K, used 4928K [0x05000000, 0x05550000, 0x0a550000)
  eden space 4416K, 100% used [0x05000000, 0x05450000, 0x05450000)
  from space 512K, 100% used [0x05450000, 0x054d0000, 0x054d0000)
  to   space 512K,   0% used [0x054d0000, 0x054d0000, 0x05550000)
 tenured generation   total 10944K, used 1365K [0x0a550000, 0x0b000000, 0x15000000)
   the space 10944K,  12% used [0x0a550000, 0x0a6a56e0, 0x0a6a5800, 0x0b000000)
 Metaspace       used 7367K, capacity 7535K, committed 7680K, reserved 8576K
Event: 6.093 GC heap after
Heap after GC invocations=3 (full 0):
 def new generation   total 4928K, used 248K [0x05000000, 0x05550000, 0x0a550000)
  eden space 4416K,   0% used [0x05000000, 0x05000000, 0x05450000)
  from space 512K,  48% used [0x054d0000, 0x0550e128, 0x05550000)
  to   space 512K,   0% used [0x05450000, 0x05450000, 0x054d0000)
 tenured generation   total 10944K, used 4908K [0x0a550000, 0x0b000000, 0x15000000)
   the space 10944K,  44% used [0x0a550000, 0x0aa1b038, 0x0aa1b200, 0x0b000000)
 Metaspace       used 7367K, capacity 7535K, committed 7680K, reserved 8576K
}
Event: 6.561 GC heap before
{Heap before GC invocations=3 (full 0):
 def new generation   total 4928K, used 4664K [0x05000000, 0x05550000, 0x0a550000)
  eden space 4416K, 100% used [0x05000000, 0x05450000, 0x05450000)
  from space 512K,  48% used [0x054d0000, 0x0550e128, 0x05550000)
  to   space 512K,   0% used [0x05450000, 0x05450000, 0x054d0000)
 tenured generation   total 10944K, used 4908K [0x0a550000, 0x0b000000, 0x15000000)
   the space 10944K,  44% used [0x0a550000, 0x0aa1b038, 0x0aa1b200, 0x0b000000)
 Metaspace       used 8006K, capacity 8207K, committed 8320K, reserved 8576K
Event: 6.563 GC heap after
Heap after GC invocations=4 (full 0):
 def new generation   total 4928K, used 512K [0x05000000, 0x05550000, 0x0a550000)
  eden space 4416K,   0% used [0x05000000, 0x05000000, 0x05450000)
  from space 512K, 100% used [0x05450000, 0x054d0000, 0x054d0000)
  to   space 512K,   0% used [0x054d0000, 0x054d0000, 0x05550000)
 tenured generation   total 10944K, used 5174K [0x0a550000, 0x0b000000, 0x15000000)
   the space 10944K,  47% used [0x0a550000, 0x0aa5dae8, 0x0aa5dc00, 0x0b000000)
 Metaspace       used 8006K, capacity 8207K, committed 8320K, reserved 8576K
}
Event: 6.848 GC heap before
{Heap before GC invocations=4 (full 0):
 def new generation   total 4928K, used 4928K [0x05000000, 0x05550000, 0x0a550000)
  eden space 4416K, 100% used [0x05000000, 0x05450000, 0x05450000)
  from space 512K, 100% used [0x05450000, 0x054d0000, 0x054d0000)
  to   space 512K,   0% used [0x054d0000, 0x054d0000, 0x05550000)
 tenured generation   total 10944K, used 5174K [0x0a550000, 0x0b000000, 0x15000000)
   the space 10944K,  47% used [0x0a550000, 0x0aa5dae8, 0x0aa5dc00, 0x0b000000)
 Metaspace       used 8278K, capacity 8466K, committed 8576K, reserved 8576K
Event: 6.849 GC heap after
Heap after GC invocations=5 (full 0):
 def new generation   total 4928K, used 464K [0x05000000, 0x05550000, 0x0a550000)
  eden space 4416K,   0% used [0x05000000, 0x05000000, 0x05450000)
  from space 512K,  90% used [0x054d0000, 0x055443f0, 0x05550000)
  to   space 512K,   0% used [0x05450000, 0x05450000, 0x054d0000)
 tenured generation   total 10944K, used 5466K [0x0a550000, 0x0b000000, 0x15000000)
   the space 10944K,  49% used [0x0a550000, 0x0aaa6810, 0x0aaa6a00, 0x0b000000)
 Metaspace       used 8278K, capacity 8466K, committed 8576K, reserved 8576K
}

