# JRE version: Java(TM) SE Runtime Environment (8.0_141-b15) (build 1.8.0_141-b15)
# Java VM: Java HotSpot(TM) Client VM (25.141-b15 mixed mode windows-x86 )
Heap:
 def new generation   total 6464K, used 3055K [0x04a00000, 0x05100000, 0x09f50000)
  eden space 5760K,  52% used [0x04a00000, 0x04cfafa0, 0x04fa0000)
  from space 704K,   0% used [0x05050000, 0x05050d28, 0x05100000)
  to   space 704K,   0% used [0x04fa0000, 0x04fa0000, 0x05050000)
 tenured generation   total 14216K, used 12128K [0x09f50000, 0x0ad32000, 0x14a00000)
   the space 14216K,  85% used [0x09f50000, 0x0ab28108, 0x0ab28200, 0x0ad32000)
 Metaspace       used 9118K, capacity 9320K, committed 9472K, reserved 9600K
GC Heap History (10 events):
Event: 20.508 GC heap before
{Heap before GC invocations=59 (full 10):
 def new generation   total 6208K, used 5514K [0x04a00000, 0x050b0000, 0x09f50000)
  eden space 5568K,  99% used [0x04a00000, 0x04f62270, 0x04f70000)
  from space 640K,   0% used [0x04f70000, 0x04f70798, 0x05010000)
  to   space 640K,   0% used [0x05010000, 0x05010000, 0x050b0000)
 tenured generation   total 13644K, used 9411K [0x09f50000, 0x0aca3000, 0x14a00000)
   the space 13644K,  68% used [0x09f50000, 0x0a880e90, 0x0a881000, 0x0aca3000)
 Metaspace       used 9118K, capacity 9320K, committed 9472K, reserved 9600K
Event: 20.508 GC heap after
Heap after GC invocations=60 (full 10):
 def new generation   total 6208K, used 1K [0x04a00000, 0x050b0000, 0x09f50000)
  eden space 5568K,   0% used [0x04a00000, 0x04a00000, 0x04f70000)
  from space 640K,   0% used [0x05010000, 0x05010798, 0x050b0000)
  to   space 640K,   0% used [0x04f70000, 0x04f70000, 0x05010000)
 tenured generation   total 13644K, used 10311K [0x09f50000, 0x0aca3000, 0x14a00000)
   the space 13644K,  75% used [0x09f50000, 0x0a961ea0, 0x0a962000, 0x0aca3000)
 Metaspace       used 9118K, capacity 9320K, committed 9472K, reserved 9600K
}
Event: 20.720 GC heap before
{Heap before GC invocations=60 (full 10):
 def new generation   total 6208K, used 4735K [0x04a00000, 0x050b0000, 0x09f50000)
  eden space 5568K,  85% used [0x04a00000, 0x04e9f638, 0x04f70000)
  from space 640K,   0% used [0x05010000, 0x05010798, 0x050b0000)
  to   space 640K,   0% used [0x04f70000, 0x04f70000, 0x05010000)
 tenured generation   total 13644K, used 10311K [0x09f50000, 0x0aca3000, 0x14a00000)
   the space 13644K,  75% used [0x09f50000, 0x0a961ea0, 0x0a962000, 0x0aca3000)
 Metaspace       used 9118K, capacity 9320K, committed 9472K, reserved 9600K
Event: 20.721 GC heap after
Heap after GC invocations=61 (full 10):
 def new generation   total 6208K, used 31K [0x04a00000, 0x050b0000, 0x09f50000)
  eden space 5568K,   0% used [0x04a00000, 0x04a00000, 0x04f70000)
  from space 640K,   4% used [0x04f70000, 0x04f77f38, 0x05010000)
  to   space 640K,   0% used [0x05010000, 0x05010000, 0x050b0000)
 tenured generation   total 13644K, used 11211K [0x09f50000, 0x0aca3000, 0x14a00000)
   the space 13644K,  82% used [0x09f50000, 0x0aa42eb0, 0x0aa43000, 0x0aca3000)
 Metaspace       used 9118K, capacity 9320K, committed 9472K, reserved 9600K
}
Event: 20.882 GC heap before
{Heap before GC invocations=61 (full 10):
 def new generation   total 6208K, used 5579K [0x04a00000, 0x050b0000, 0x09f50000)
  eden space 5568K,  99% used [0x04a00000, 0x04f6b090, 0x04f70000)
  from space 640K,   4% used [0x04f70000, 0x04f77f38, 0x05010000)
  to   space 640K,   0% used [0x05010000, 0x05010000, 0x050b0000)
 tenured generation   total 13644K, used 11211K [0x09f50000, 0x0aca3000, 0x14a00000)
   the space 13644K,  82% used [0x09f50000, 0x0aa42eb0, 0x0aa43000, 0x0aca3000)
 Metaspace       used 9118K, capacity 9320K, committed 9472K, reserved 9600K
Event: 20.883 GC heap after
Heap after GC invocations=62 (full 10):
 def new generation   total 6208K, used 32K [0x04a00000, 0x050b0000, 0x09f50000)
  eden space 5568K,   0% used [0x04a00000, 0x04a00000, 0x04f70000)
  from space 640K,   5% used [0x05010000, 0x05018300, 0x050b0000)
  to   space 640K,   0% used [0x04f70000, 0x04f70000, 0x05010000)
 tenured generation   total 13644K, used 13011K [0x09f50000, 0x0aca3000, 0x14a00000)
   the space 13644K,  95% used [0x09f50000, 0x0ac04ed0, 0x0ac05000, 0x0aca3000)
 Metaspace       used 9118K, capacity 9320K, committed 9472K, reserved 9600K
}
Event: 21.072 GC heap before
{Heap before GC invocations=62 (full 10):
 def new generation   total 6208K, used 5563K [0x04a00000, 0x050b0000, 0x09f50000)
  eden space 5568K,  99% used [0x04a00000, 0x04f66bf0, 0x04f70000)
  from space 640K,   5% used [0x05010000, 0x05018300, 0x050b0000)
  to   space 640K,   0% used [0x04f70000, 0x04f70000, 0x05010000)
 tenured generation   total 13644K, used 13011K [0x09f50000, 0x0aca3000, 0x14a00000)
   the space 13644K,  95% used [0x09f50000, 0x0ac04ed0, 0x0ac05000, 0x0aca3000)
 Metaspace       used 9118K, capacity 9320K, committed 9472K, reserved 9600K
Event: 21.080 GC heap after
Heap after GC invocations=63 (full 11):
 def new generation   total 6464K, used 0K [0x04a00000, 0x05100000, 0x09f50000)
  eden space 5760K,   0% used [0x04a00000, 0x04a00000, 0x04fa0000)
  from space 704K,   0% used [0x04fa0000, 0x04fa0000, 0x05050000)
  to   space 704K,   0% used [0x05050000, 0x05050000, 0x05100000)
 tenured generation   total 14216K, used 8528K [0x09f50000, 0x0ad32000, 0x14a00000)
   the space 14216K,  59% used [0x09f50000, 0x0a7a40c8, 0x0a7a4200, 0x0ad32000)
 Metaspace       used 9118K, capacity 9320K, committed 9472K, reserved 9600K
}
Event: 21.266 GC heap before
{Heap before GC invocations=63 (full 11):
 def new generation   total 6464K, used 5526K [0x04a00000, 0x05100000, 0x09f50000)
  eden space 5760K,  95% used [0x04a00000, 0x04f65be8, 0x04fa0000)
  from space 704K,   0% used [0x04fa0000, 0x04fa0000, 0x05050000)
  to   space 704K,   0% used [0x05050000, 0x05050000, 0x05100000)
 tenured generation   total 14216K, used 8528K [0x09f50000, 0x0ad32000, 0x14a00000)
   the space 14216K,  59% used [0x09f50000, 0x0a7a40c8, 0x0a7a4200, 0x0ad32000)
 Metaspace       used 9118K, capacity 9320K, committed 9472K, reserved 9600K
Event: 21.266 GC heap after
Heap after GC invocations=64 (full 11):
 def new generation   total 6464K, used 3K [0x04a00000, 0x05100000, 0x09f50000)
  eden space 5760K,   0% used [0x04a00000, 0x04a00000, 0x04fa0000)
  from space 704K,   0% used [0x05050000, 0x05050d28, 0x05100000)
  to   space 704K,   0% used [0x04fa0000, 0x04fa0000, 0x05050000)
 tenured generation   total 14216K, used 12128K [0x09f50000, 0x0ad32000, 0x14a00000)
   the space 14216K,  85% used [0x09f50000, 0x0ab28108, 0x0ab28200, 0x0ad32000)
 Metaspace       used 9118K, capacity 9320K, committed 9472K, reserved 9600K
}

